<?xml version="1.0" encoding="UTF-8"?>
<!-- Generated by org.testng.reporters.JUnitXMLReporter -->
<testsuite hostname="SGEORGE-D" name="Default test" tests="3" failures="0" timestamp="16 Aug 2018 20:27:26 GMT" time="27.221" errors="0">
  <testcase name="openWeatherNews" time="4.951" classname="test.testProject.AppTest"/>
  <testcase name="testLatestIsUnderlined" time="6.752" classname="test.testProject.AppTest"/>
  <testcase name="testTemperature" time="8.834" classname="test.testProject.AppTest"/>
</testsuite> <!-- Default test -->
